F:\DROPBOX\DOCUMENT\CLASSES\IMAGE SYNTHESIS\HOMEWORK\FINAL PROJECT\DEBUG\RAY_TRAYCER.EXE
F:\DROPBOX\DOCUMENT\CLASSES\IMAGE SYNTHESIS\HOMEWORK\FINAL PROJECT\DEBUG\RAY_TRAYCER.ILK
F:\DROPBOX\DOCUMENT\CLASSES\IMAGE SYNTHESIS\HOMEWORK\FINAL PROJECT\DEBUG\RAY_TRAYCER.PDB
F:\DROPBOX\DOCUMENT\CLASSES\IMAGE SYNTHESIS\HOMEWORK\FINAL PROJECT\HW2\DEBUG\MAIN.OBJ
F:\DROPBOX\DOCUMENT\CLASSES\IMAGE SYNTHESIS\HOMEWORK\FINAL PROJECT\HW2\DEBUG\QBALL.OBJ
F:\DROPBOX\DOCUMENT\CLASSES\IMAGE SYNTHESIS\HOMEWORK\FINAL PROJECT\HW2\DEBUG\QPLANE.OBJ
F:\DROPBOX\DOCUMENT\CLASSES\IMAGE SYNTHESIS\HOMEWORK\FINAL PROJECT\HW2\DEBUG\QVECTOR.OBJ
F:\DROPBOX\DOCUMENT\CLASSES\IMAGE SYNTHESIS\HOMEWORK\FINAL PROJECT\HW2\DEBUG\RAY_TRAYCER.EXE.INTERMEDIATE.MANIFEST
F:\DROPBOX\DOCUMENT\CLASSES\IMAGE SYNTHESIS\HOMEWORK\FINAL PROJECT\HW2\DEBUG\VC100.PDB
F:\DROPBOX\DOCUMENT\CLASSES\IMAGE SYNTHESIS\HOMEWORK\FINAL PROJECT\HW2\DEBUG\VIEWINGPARAMS.OBJ
F:\DROPBOX\DOCUMENT\CLASSES\IMAGE SYNTHESIS\HOMEWORK\HW2\DEBUG\HW2.EXE
F:\DROPBOX\DOCUMENT\CLASSES\IMAGE SYNTHESIS\HOMEWORK\HW2\DEBUG\HW2.ILK
F:\DROPBOX\DOCUMENT\CLASSES\IMAGE SYNTHESIS\HOMEWORK\HW2\DEBUG\HW2.PDB
F:\DROPBOX\DOCUMENT\CLASSES\IMAGE SYNTHESIS\HOMEWORK\HW2\HW2\DEBUG\HW2.EXE.INTERMEDIATE.MANIFEST
F:\DROPBOX\DOCUMENT\CLASSES\IMAGE SYNTHESIS\HOMEWORK\HW2\HW2\DEBUG\QBALL.OBJ
F:\DROPBOX\DOCUMENT\CLASSES\IMAGE SYNTHESIS\HOMEWORK\HW2\HW2\DEBUG\QVECTOR.OBJ
F:\DROPBOX\DOCUMENT\CLASSES\IMAGE SYNTHESIS\HOMEWORK\HW2\HW2\DEBUG\TEST.OBJ
F:\DROPBOX\DOCUMENT\CLASSES\IMAGE SYNTHESIS\HOMEWORK\HW2\HW2\DEBUG\VC100.PDB
F:\DROPBOX\DOCUMENT\CLASSES\IMAGE SYNTHESIS\HOMEWORK\HW2\HW2\DEBUG\VIEWINGPARAMS.OBJ
F:\DROPBOX\DOCUMENT\CLASSES\IMAGE_SYNTHESIS\HOMEWORK\FINAL PROJECT\DEBUG\RAY_TRAYCER.EXE
F:\DROPBOX\DOCUMENT\CLASSES\IMAGE_SYNTHESIS\HOMEWORK\FINAL PROJECT\DEBUG\RAY_TRAYCER.ILK
F:\DROPBOX\DOCUMENT\CLASSES\IMAGE_SYNTHESIS\HOMEWORK\FINAL PROJECT\DEBUG\RAY_TRAYCER.PDB
F:\Dropbox\Document\Classes\Image_synthesis\homework\final project\hw2\Debug\cl.command.1.tlog
F:\Dropbox\Document\Classes\Image_synthesis\homework\final project\hw2\Debug\CL.read.1.tlog
F:\Dropbox\Document\Classes\Image_synthesis\homework\final project\hw2\Debug\CL.write.1.tlog
F:\Dropbox\Document\Classes\Image_synthesis\homework\final project\hw2\Debug\hw2.exe.intermediate.manifest
F:\Dropbox\Document\Classes\Image_synthesis\homework\final project\hw2\Debug\link.command.1.tlog
F:\Dropbox\Document\Classes\Image_synthesis\homework\final project\hw2\Debug\link.read.1.tlog
F:\Dropbox\Document\Classes\Image_synthesis\homework\final project\hw2\Debug\link.write.1.tlog
F:\DROPBOX\DOCUMENT\CLASSES\IMAGE_SYNTHESIS\HOMEWORK\FINAL PROJECT\HW2\DEBUG\MAIN.OBJ
F:\Dropbox\Document\Classes\Image_synthesis\homework\final project\hw2\Debug\mt.command.1.tlog
F:\Dropbox\Document\Classes\Image_synthesis\homework\final project\hw2\Debug\mt.read.1.tlog
F:\Dropbox\Document\Classes\Image_synthesis\homework\final project\hw2\Debug\mt.write.1.tlog
F:\DROPBOX\DOCUMENT\CLASSES\IMAGE_SYNTHESIS\HOMEWORK\FINAL PROJECT\HW2\DEBUG\QBALL.OBJ
F:\DROPBOX\DOCUMENT\CLASSES\IMAGE_SYNTHESIS\HOMEWORK\FINAL PROJECT\HW2\DEBUG\QIMPLICITSURFACE.OBJ
F:\DROPBOX\DOCUMENT\CLASSES\IMAGE_SYNTHESIS\HOMEWORK\FINAL PROJECT\HW2\DEBUG\QPLANE.OBJ
F:\DROPBOX\DOCUMENT\CLASSES\IMAGE_SYNTHESIS\HOMEWORK\FINAL PROJECT\HW2\DEBUG\QVECTOR.OBJ
F:\DROPBOX\DOCUMENT\CLASSES\IMAGE_SYNTHESIS\HOMEWORK\FINAL PROJECT\HW2\DEBUG\RAY_TRAYCER.EXE.INTERMEDIATE.MANIFEST
F:\Dropbox\Document\Classes\Image_synthesis\homework\final project\hw2\Debug\test.obj
F:\Dropbox\Document\Classes\Image_synthesis\homework\final project\hw2\Debug\vc100.idb
F:\DROPBOX\DOCUMENT\CLASSES\IMAGE_SYNTHESIS\HOMEWORK\FINAL PROJECT\HW2\DEBUG\VC100.PDB
F:\DROPBOX\DOCUMENT\CLASSES\IMAGE_SYNTHESIS\HOMEWORK\FINAL PROJECT\HW2\DEBUG\VIEWINGPARAMS.OBJ
