Build started 7/28/2014 4:42:54 PM.
     1>Project "E:\Dropbox\Document\Classes\Image_synthesis\homework\final project\hw2\hw2.vcxproj" on node 2 (build target(s)).
     1>InitializeBuildStatus:
         Touching "Release\ray_traycer.unsuccessfulbuild".
       ClCompile:
         All outputs are up-to-date.
       Link:
         C:\Program Files (x86)\Microsoft Visual Studio 10.0\VC\bin\link.exe /ERRORREPORT:PROMPT /OUT:"E:\Dropbox\Document\Classes\Image_synthesis\homework\final project\Release\ray_traycer.exe" /NOLOGO ./GL/glut32.lib kernel32.lib user32.lib gdi32.lib winspool.lib comdlg32.lib advapi32.lib shell32.lib ole32.lib oleaut32.lib uuid.lib odbc32.lib odbccp32.lib /MANIFEST /ManifestFile:"Release\ray_traycer.exe.intermediate.manifest" /MANIFESTUAC:"level='asInvoker' uiAccess='false'" /DEBUG /PDB:"E:\Dropbox\Document\Classes\Image_synthesis\homework\final project\Release\ray_traycer.pdb" /OPT:REF /OPT:ICF /LTCG /TLBID:1 /DYNAMICBASE /NXCOMPAT /IMPLIB:"E:\Dropbox\Document\Classes\Image_synthesis\homework\final project\Release\ray_traycer.lib" /MACHINE:X86 Release\QBall.obj
         Release\QImplicitSurface.obj
         Release\QPlane.obj
         Release\QTriangle.obj
         Release\QVector.obj
         Release\main.obj
         Release\ViewingParams.obj
         Generating code
         Finished generating code
         hw2.vcxproj -> E:\Dropbox\Document\Classes\Image_synthesis\homework\final project\Release\ray_traycer.exe
       Manifest:
         C:\Program Files (x86)\Microsoft SDKs\Windows\v7.0A\bin\mt.exe /nologo /verbose /outputresource:"E:\Dropbox\Document\Classes\Image_synthesis\homework\final project\Release\ray_traycer.exe;#1" /manifest Release\ray_traycer.exe.intermediate.manifest
       FinalizeBuildStatus:
         Deleting file "Release\ray_traycer.unsuccessfulbuild".
         Touching "Release\ray_traycer.lastbuildstate".
     1>Done Building Project "E:\Dropbox\Document\Classes\Image_synthesis\homework\final project\hw2\hw2.vcxproj" (build target(s)).

Build succeeded.

Time Elapsed 00:00:02.06
